hostvars:

    DC4:
    ansible_check_mode: false
    ansible_connection: network_cli
    ansible_diff_mode: false
    ansible_facts: {}
    ansible_forks: 5
    ansible_host: 10.10.1.4
    ansible_inventory_sources:
    - /home/cisco/Desktop/ansible_labs/Project1/inventory_1.yaml
    ansible_network_os: nxos
    ansible_password: cisco
    ansible_playbook_python: /usr/bin/python2
    ansible_run_tags:
    - all
    ansible_skip_tags: []
    ansible_user: cisco
    ansible_verbosity: 0
    ansible_version:
        full: 2.9.27
        major: 2
        minor: 9
        revision: 27
        string: 2.9.27
    group_names:
    - cisco_dc_switches
    groups:
        all:
        - R1
        - R3
        - Vyos9
        - DC4
        - R5
        - R6
        - R7
        - R8
        - R2
        cisco_dc_switches:
        - DC4
        cisco_network: []
        ios_routers:
        - R5
        - R6
        - R7
        - R8
        - R2
        ios_routers iosxr_routers cisco_dc_switches: []
        iosxr_routers:
        - R1
        - R3
        ungrouped: &id001 []
        vyos:
        - Vyos9
    inventory_dir: /home/cisco/Desktop/ansible_labs/Project1
    inventory_file: /home/cisco/Desktop/ansible_labs/Project1/inventory_1.yaml
    inventory_hostname: DC4
    inventory_hostname_short: DC4
    omit: __omit_place_holder__102482d6e7a2d5a219f31421f33aac0327e09ae0
    playbook_dir: /home/cisco/Desktop/ansible_labs/Project1/playbooks
R1:
    ansible_check_mode: false
    ansible_connection: network_cli
    ansible_diff_mode: false
    ansible_facts: {}
    ansible_forks: 5
    ansible_host: 10.10.1.1
    ansible_inventory_sources:
    - /home/cisco/Desktop/ansible_labs/Project1/inventory_1.yaml
    ansible_network_os: iosxr
    ansible_password: cisco
    ansible_playbook_python: /usr/bin/python2
    ansible_run_tags:
    - all
    ansible_skip_tags: []
    ansible_user: cisco
    ansible_verbosity: 0
    ansible_version:
        full: 2.9.27
        major: 2
        minor: 9
        revision: 27
        string: 2.9.27
    group_names:
    - iosxr_routers
    groups:
        all:
        - R1
        - R3
        - Vyos9
        - DC4
        - R5
        - R6
        - R7
        - R8
        - R2
        cisco_dc_switches:
        - DC4
        cisco_network: []
        ios_routers:
        - R5
        - R6
        - R7
        - R8
        - R2
        ios_routers iosxr_routers cisco_dc_switches: []
        iosxr_routers:
        - R1
        - R3
        ungrouped: *id001
        vyos:
        - Vyos9
    inventory_dir: /home/cisco/Desktop/ansible_labs/Project1
    inventory_file: /home/cisco/Desktop/ansible_labs/Project1/inventory_1.yaml
    inventory_hostname: R1
    inventory_hostname_short: R1
    omit: __omit_place_holder__102482d6e7a2d5a219f31421f33aac0327e09ae0
    playbook_dir: /home/cisco/Desktop/ansible_labs/Project1/playbooks
R2:
    ansible_check_mode: false
    ansible_connection: network_cli
    ansible_diff_mode: false
    ansible_facts: {}
    ansible_forks: 5
    ansible_host: 10.10.1.2
    ansible_inventory_sources:
    - /home/cisco/Desktop/ansible_labs/Project1/inventory_1.yaml
    ansible_network_os: ios
    ansible_password: cisco
    ansible_playbook_python: /usr/bin/python2
    ansible_run_tags:
    - all
    ansible_skip_tags: []
    ansible_user: cisco
    ansible_verbosity: 0
    ansible_version:
        full: 2.9.27
        major: 2
        minor: 9
        revision: 27
        string: 2.9.27
    group_names:
    - ios_routers
    groups:
        all:
        - R1
        - R3
        - Vyos9
        - DC4
        - R5
        - R6
        - R7
        - R8
        - R2
        cisco_dc_switches:
        - DC4
        cisco_network: []
        ios_routers:
        - R5
        - R6
        - R7
        - R8
        - R2
        ios_routers iosxr_routers cisco_dc_switches: []
        iosxr_routers:
        - R1
        - R3
        ungrouped: *id001
        vyos:
        - Vyos9
    inventory_dir: /home/cisco/Desktop/ansible_labs/Project1
    inventory_file: /home/cisco/Desktop/ansible_labs/Project1/inventory_1.yaml
    inventory_hostname: R2
    inventory_hostname_short: R2
    omit: __omit_place_holder__102482d6e7a2d5a219f31421f33aac0327e09ae0
    playbook_dir: /home/cisco/Desktop/ansible_labs/Project1/playbooks
R3:
    ansible_check_mode: false
    ansible_connection: network_cli
    ansible_diff_mode: false
    ansible_facts: {}
    ansible_forks: 5
    ansible_host: 10.10.1.3
    ansible_inventory_sources:
    - /home/cisco/Desktop/ansible_labs/Project1/inventory_1.yaml
    ansible_network_os: iosxr
    ansible_password: cisco
    ansible_playbook_python: /usr/bin/python2
    ansible_run_tags:
    - all
    ansible_skip_tags: []
    ansible_user: cisco
    ansible_verbosity: 0
    ansible_version:
        full: 2.9.27
        major: 2
        minor: 9
        revision: 27
        string: 2.9.27
    group_names:
    - iosxr_routers
    groups:
        all:
        - R1
        - R3
        - Vyos9
        - DC4
        - R5
        - R6
        - R7
        - R8
        - R2
        cisco_dc_switches:
        - DC4
        cisco_network: []
        ios_routers:
        - R5
        - R6
        - R7
        - R8
        - R2
        ios_routers iosxr_routers cisco_dc_switches: []
        iosxr_routers:
        - R1
        - R3
        ungrouped: *id001
        vyos:
        - Vyos9
    inventory_dir: /home/cisco/Desktop/ansible_labs/Project1
    inventory_file: /home/cisco/Desktop/ansible_labs/Project1/inventory_1.yaml
    inventory_hostname: R3
    inventory_hostname_short: R3
    omit: __omit_place_holder__102482d6e7a2d5a219f31421f33aac0327e09ae0
    playbook_dir: /home/cisco/Desktop/ansible_labs/Project1/playbooks
R5:
    ansible_check_mode: false
    ansible_connection: network_cli
    ansible_diff_mode: false
    ansible_facts: {}
    ansible_forks: 5
    ansible_host: 10.10.1.5
    ansible_inventory_sources:
    - /home/cisco/Desktop/ansible_labs/Project1/inventory_1.yaml
    ansible_network_os: ios
    ansible_password: cisco
    ansible_playbook_python: /usr/bin/python2
    ansible_run_tags:
    - all
    ansible_skip_tags: []
    ansible_user: cisco
    ansible_verbosity: 0
    ansible_version:
        full: 2.9.27
        major: 2
        minor: 9
        revision: 27
        string: 2.9.27
    group_names:
    - ios_routers
    groups:
        all:
        - R1
        - R3
        - Vyos9
        - DC4
        - R5
        - R6
        - R7
        - R8
        - R2
        cisco_dc_switches:
        - DC4
        cisco_network: []
        ios_routers:
        - R5
        - R6
        - R7
        - R8
        - R2
        ios_routers iosxr_routers cisco_dc_switches: []
        iosxr_routers:
        - R1
        - R3
        ungrouped: *id001
        vyos:
        - Vyos9
    inventory_dir: /home/cisco/Desktop/ansible_labs/Project1
    inventory_file: /home/cisco/Desktop/ansible_labs/Project1/inventory_1.yaml
    inventory_hostname: R5
    inventory_hostname_short: R5
    omit: __omit_place_holder__102482d6e7a2d5a219f31421f33aac0327e09ae0
    playbook_dir: /home/cisco/Desktop/ansible_labs/Project1/playbooks
R6:
    ansible_check_mode: false
    ansible_connection: network_cli
    ansible_diff_mode: false
    ansible_facts: {}
    ansible_forks: 5
    ansible_host: 10.10.1.6
    ansible_inventory_sources:
    - /home/cisco/Desktop/ansible_labs/Project1/inventory_1.yaml
    ansible_network_os: ios
    ansible_password: cisco
    ansible_playbook_python: /usr/bin/python2
    ansible_run_tags:
    - all
    ansible_skip_tags: []
    ansible_user: cisco
    ansible_verbosity: 0
    ansible_version:
        full: 2.9.27
        major: 2
        minor: 9
        revision: 27
        string: 2.9.27
    group_names:
    - ios_routers
    groups:
        all:
        - R1
        - R3
        - Vyos9
        - DC4
        - R5
        - R6
        - R7
        - R8
        - R2
        cisco_dc_switches:
        - DC4
        cisco_network: []
        ios_routers:
        - R5
        - R6
        - R7
        - R8
        - R2
        ios_routers iosxr_routers cisco_dc_switches: []
        iosxr_routers:
        - R1
        - R3
        ungrouped: *id001
        vyos:
        - Vyos9
    inventory_dir: /home/cisco/Desktop/ansible_labs/Project1
    inventory_file: /home/cisco/Desktop/ansible_labs/Project1/inventory_1.yaml
    inventory_hostname: R6
    inventory_hostname_short: R6
    omit: __omit_place_holder__102482d6e7a2d5a219f31421f33aac0327e09ae0
    playbook_dir: /home/cisco/Desktop/ansible_labs/Project1/playbooks
R7:
    ansible_check_mode: false
    ansible_connection: network_cli
    ansible_diff_mode: false
    ansible_facts: {}
    ansible_forks: 5
    ansible_host: 10.10.1.7
    ansible_inventory_sources:
    - /home/cisco/Desktop/ansible_labs/Project1/inventory_1.yaml
    ansible_network_os: ios
    ansible_password: cisco
    ansible_playbook_python: /usr/bin/python2
    ansible_run_tags:
    - all
    ansible_skip_tags: []
    ansible_user: cisco
    ansible_verbosity: 0
    ansible_version:
        full: 2.9.27
        major: 2
        minor: 9
        revision: 27
        string: 2.9.27
    group_names:
    - ios_routers
    groups:
        all:
        - R1
        - R3
        - Vyos9
        - DC4
        - R5
        - R6
        - R7
        - R8
        - R2
        cisco_dc_switches:
        - DC4
        cisco_network: []
        ios_routers:
        - R5
        - R6
        - R7
        - R8
        - R2
        ios_routers iosxr_routers cisco_dc_switches: []
        iosxr_routers:
        - R1
        - R3
        ungrouped: *id001
        vyos:
        - Vyos9
    inventory_dir: /home/cisco/Desktop/ansible_labs/Project1
    inventory_file: /home/cisco/Desktop/ansible_labs/Project1/inventory_1.yaml
    inventory_hostname: R7
    inventory_hostname_short: R7
    omit: __omit_place_holder__102482d6e7a2d5a219f31421f33aac0327e09ae0
    playbook_dir: /home/cisco/Desktop/ansible_labs/Project1/playbooks
R8:
    ansible_check_mode: false
    ansible_connection: network_cli
    ansible_diff_mode: false
    ansible_facts: {}
    ansible_forks: 5
    ansible_host: 10.10.1.8
    ansible_inventory_sources:
    - /home/cisco/Desktop/ansible_labs/Project1/inventory_1.yaml
    ansible_network_os: ios
    ansible_password: cisco
    ansible_playbook_python: /usr/bin/python2
    ansible_run_tags:
    - all
    ansible_skip_tags: []
    ansible_user: cisco
    ansible_verbosity: 0
    ansible_version:
        full: 2.9.27
        major: 2
        minor: 9
        revision: 27
        string: 2.9.27
    group_names:
    - ios_routers
    groups:
        all:
        - R1
        - R3
        - Vyos9
        - DC4
        - R5
        - R6
        - R7
        - R8
        - R2
        cisco_dc_switches:
        - DC4
        cisco_network: []
        ios_routers:
        - R5
        - R6
        - R7
        - R8
        - R2
        ios_routers iosxr_routers cisco_dc_switches: []
        iosxr_routers:
        - R1
        - R3
        ungrouped: *id001
        vyos:
        - Vyos9
    inventory_dir: /home/cisco/Desktop/ansible_labs/Project1
    inventory_file: /home/cisco/Desktop/ansible_labs/Project1/inventory_1.yaml
    inventory_hostname: R8
    inventory_hostname_short: R8
    omit: __omit_place_holder__102482d6e7a2d5a219f31421f33aac0327e09ae0
    playbook_dir: /home/cisco/Desktop/ansible_labs/Project1/playbooks
Vyos9:
    ansible_check_mode: false
    ansible_diff_mode: false
    ansible_facts: {}
    ansible_forks: 5
    ansible_inventory_sources:
    - /home/cisco/Desktop/ansible_labs/Project1/inventory_1.yaml
    ansible_network_os: vyos
    ansible_password: vyos
    ansible_playbook_python: /usr/bin/python2
    ansible_run_tags:
    - all
    ansible_skip_tags: []
    ansible_user: vyos
    ansible_verbosity: 0
    ansible_version:
        full: 2.9.27
        major: 2
        minor: 9
        revision: 27
        string: 2.9.27
    group_names:
    - vyos
    groups:
        all:
        - R1
        - R3
        - Vyos9
        - DC4
        - R5
        - R6
        - R7
        - R8
        - R2
        cisco_dc_switches:
        - DC4
        cisco_network: []
        ios_routers:
        - R5
        - R6
        - R7
        - R8
        - R2
        ios_routers iosxr_routers cisco_dc_switches: []
        iosxr_routers:
        - R1
        - R3
        ungrouped: *id001
        vyos:
        - Vyos9
    inventory_dir: /home/cisco/Desktop/ansible_labs/Project1
    inventory_file: /home/cisco/Desktop/ansible_labs/Project1/inventory_1.yaml
    inventory_hostname: Vyos9
    inventory_hostname_short: Vyos9
    omit: __omit_place_holder__102482d6e7a2d5a219f31421f33aac0327e09ae0
    playbook_dir: /home/cisco/Desktop/ansible_labs/Project1/playbooks

groups:

    all:
- R1
- R3
- Vyos9
- DC4
- R5
- R6
- R7
- R8
- R2
cisco_dc_switches:
- DC4
cisco_network: []
ios_routers:
- R5
- R6
- R7
- R8
- R2
ios_routers iosxr_routers cisco_dc_switches: []
iosxr_routers:
- R1
- R3
ungrouped: []
vyos:
- Vyos9

group_names:

    - ios_routers

inventory_hostname:

    R6
...

play_hosts:

    - R5
- R6
- R7
- R8
- R2
